\BOOKMARK [0][-]{section*.1}{Maģistra darba novērtējuma lapa}{}
\BOOKMARK [0][-]{section*.2}{Studiju noslēguma darba autora apliecinājums}{}
\BOOKMARK [0][-]{chapter*.3}{Anotācija}{}
\BOOKMARK [0][-]{chapter*.4}{Annotation}{}
\BOOKMARK [0][-]{chapter*.5}{Saīsinājumu saraksts}{}
\BOOKMARK [0][-]{section*.6}{Saturs}{}
\BOOKMARK [0][-]{section*.8}{Attēlu saraksts}{}
\BOOKMARK [0][-]{chapter.1}{Ievads}{}
\BOOKMARK [1][-]{section.1.1}{Literatūras apskats}{chapter.1}
\BOOKMARK [1][-]{section.1.2}{Tēmas aktualitātes pamatojums}{chapter.1}
\BOOKMARK [1][-]{section.1.3}{Pētāma tīkla parametri }{chapter.1}
\BOOKMARK [1][-]{section.1.4}{Darba pārskats}{chapter.1}
\BOOKMARK [0][-]{chapter.2}{Bezvadu Ad Hoc tīkli}{}
\BOOKMARK [1][-]{section.2.1}{WSN un MANET salīdzinājums}{chapter.2}
\BOOKMARK [1][-]{section.2.2}{WSN un WMN salīdzinājums}{chapter.2}
\BOOKMARK [1][-]{section.2.3}{Bezvadu interfeiss}{chapter.2}
\BOOKMARK [2][-]{subsection.2.3.1}{IEEE 802.11}{section.2.3}
\BOOKMARK [2][-]{subsection.2.3.2}{IEEE 802.15}{section.2.3}
\BOOKMARK [0][-]{chapter.3}{Ad Hoc tīkla teorētiskie aspekti}{}
\BOOKMARK [1][-]{section.3.1}{Komunikācijas modeļi}{chapter.3}
\BOOKMARK [1][-]{section.3.2}{Tīkla modeļi}{chapter.3}
\BOOKMARK [2][-]{subsection.3.2.1}{Statiskais ekspromta tīkls}{section.3.2}
\BOOKMARK [2][-]{subsection.3.2.2}{Mobilais Ad Hoc tīkls ar viena-posma maršrutu}{section.3.2}
\BOOKMARK [2][-]{subsection.3.2.3}{Mobilais Ad Hoc tīkls ar daudzposmu maršrutu}{section.3.2}
\BOOKMARK [1][-]{section.3.3}{Daudzposma maršruta garums}{chapter.3}
\BOOKMARK [1][-]{section.3.4}{BER līmenis daudzposmu maršrutā}{chapter.3}
\BOOKMARK [1][-]{section.3.5}{Atkārtotās pārraides modelis}{chapter.3}
\BOOKMARK [1][-]{section.3.6}{Maksimālais mezglu ātrums}{chapter.3}
\BOOKMARK [1][-]{section.3.7}{Komutācijas modeļi}{chapter.3}
\BOOKMARK [2][-]{subsection.3.7.1}{Rezervēšanas komutācija}{section.3.7}
\BOOKMARK [2][-]{subsection.3.7.2}{Bez rezervēšanas komutācija}{section.3.7}
\BOOKMARK [0][-]{chapter.4}{Mobilitātes Modeļi}{}
\BOOKMARK [1][-]{section.4.1}{Mobilitātes modeļu raksturlielumi}{chapter.4}
\BOOKMARK [2][-]{subsection.4.1.1}{Atkarība starp tīkla laukumu un mezglu ātrumu}{section.4.1}
\BOOKMARK [2][-]{subsection.4.1.2}{Savienojuma ilgums}{section.4.1}
\BOOKMARK [2][-]{subsection.4.1.3}{Mezglu blīvums}{section.4.1}
\BOOKMARK [2][-]{subsection.4.1.4}{Mezglu izkliede}{section.4.1}
\BOOKMARK [1][-]{section.4.2}{Gadījuma maršrutpunktu mobilitātes modelis}{chapter.4}
\BOOKMARK [1][-]{section.4.3}{Mobilitātes modeļa ietekme uz BER}{chapter.4}
\BOOKMARK [2][-]{subsection.4.3.1}{Scenārijs ar RWMM un NRBS}{section.4.3}
\BOOKMARK [2][-]{subsection.4.3.2}{Scenārijs ar RWMM un RBS}{section.4.3}
\BOOKMARK [1][-]{section.4.4}{Gadījuma virzienu mobilitātes modelis}{chapter.4}
\BOOKMARK [1][-]{section.4.5}{Šķēršļu mobilitātes modelis}{chapter.4}
\BOOKMARK [0][-]{chapter.5}{Maršrutēšanas protokoli}{}
\BOOKMARK [1][-]{section.5.1}{Maršrutēšanas protokolu klasifikācija}{chapter.5}
\BOOKMARK [1][-]{section.5.2}{DSR protokols}{chapter.5}
\BOOKMARK [1][-]{section.5.3}{AODV protokols}{chapter.5}
\BOOKMARK [1][-]{section.5.4}{OLSR protokols}{chapter.5}
\BOOKMARK [1][-]{section.5.5}{Maršruta izvēles algoritma optimizācija}{chapter.5}
\BOOKMARK [0][-]{chapter.6}{Praktiskā daļa}{}
\BOOKMARK [1][-]{section.6.1}{Raiduztvērēju parametri}{chapter.6}
\BOOKMARK [2][-]{subsection.6.1.1}{Radiouztvērēja slieksnis}{section.6.1}
\BOOKMARK [1][-]{section.6.2}{MATLAB}{chapter.6}
\BOOKMARK [2][-]{subsection.6.2.1}{Datu pārraides ātrums un mezglu kustības ātrums}{section.6.2}
\BOOKMARK [2][-]{subsection.6.2.2}{Blīvuma ietekme}{section.6.2}
\BOOKMARK [1][-]{section.6.3}{NS-2 simulācijas}{chapter.6}
\BOOKMARK [2][-]{subsection.6.3.1}{Datorsimulācijas parametri}{section.6.3}
\BOOKMARK [2][-]{subsection.6.3.2}{Veiktspējas analīzes parametri}{section.6.3}
\BOOKMARK [1][-]{section.6.4}{Rezultātu analīzē}{chapter.6}
\BOOKMARK [2][-]{subsection.6.4.1}{Paketes piegādes sadale un vidējā aizkava tīklā}{section.6.4}
\BOOKMARK [2][-]{subsection.6.4.2}{Caurlaidspēja}{section.6.4}
\BOOKMARK [2][-]{subsection.6.4.3}{AODV protokola veiktspēju atkarība no pauzes laika}{section.6.4}
\BOOKMARK [0][-]{chapter.7}{Secinājumi}{}
\BOOKMARK [0][-]{section*.53}{Notācija}{}
\BOOKMARK [0][-]{section*.54}{Literatūras saraksts}{}
\BOOKMARK [0][-]{section*.56}{Pielikumi}{}
\BOOKMARK [1][-]{section..1}{}{section*.56}
\BOOKMARK [1][-]{section..2}{}{section*.56}
\BOOKMARK [1][-]{section..3}{}{section*.56}
