This is XeTeX, Version 3.1415926-2.2-0.9995.2 (TeX Live 2009/Debian) (format=xelatex 2012.10.5)  17 OCT 2012 15:24
entering extended mode
 %&-line parsing enabled.
**main_thesis.tex
(./main_thesis.tex
LaTeX2e <2009/09/24>
Babel <v3.8l> and hyphenation patterns for english, usenglishmax, dumylang, noh
yphenation, loaded.
(/usr/share/texmf-texlive/tex/latex/base/book.cls
Document Class: book 2007/10/19 v1.4h Standard LaTeX document class
(/usr/share/texmf-texlive/tex/latex/base/bk12.clo
File: bk12.clo 2007/10/19 v1.4h Standard LaTeX file (size option)
)
\c@part=\count80
\c@chapter=\count81
\c@section=\count82
\c@subsection=\count83
\c@subsubsection=\count84
\c@paragraph=\count85
\c@subparagraph=\count86
\c@figure=\count87
\c@table=\count88
\abovecaptionskip=\skip41
\belowcaptionskip=\skip42
\bibindent=\dimen102
)
(/usr/share/texmf-texlive/tex/latex/geometry/geometry.sty
Package: geometry 2008/12/21 v4.2 Page Geometry

(/usr/share/texmf-texlive/tex/latex/graphics/keyval.sty
Package: keyval 1999/03/16 v1.13 key=value parser (DPC)
\KV@toks@=\toks14
)
(/usr/share/texmf-texlive/tex/generic/oberdiek/ifpdf.sty
Package: ifpdf 2009/04/10 v2.0 Provides the ifpdf switch (HO)
Package ifpdf Info: pdfTeX in pdf mode not detected.
)
(/usr/share/texmf-texlive/tex/generic/oberdiek/ifvtex.sty
Package: ifvtex 2008/11/04 v1.4 Switches for detecting VTeX and its modes (HO)
Package ifvtex Info: VTeX not detected.
)
\Gm@cnth=\count89
\Gm@cntv=\count90
\c@Gm@tempcnt=\count91
\Gm@bindingoffset=\dimen103
\Gm@wd@mp=\dimen104
\Gm@odd@mp=\dimen105
\Gm@even@mp=\dimen106
\Gm@dimlist=\toks15

(/usr/share/texmf-texlive/tex/xelatex/xetexconfig/geometry.cfg))
(/usr/share/texmf-texlive/tex/latex/hyperref/hyperref.sty
Package: hyperref 2009/10/09 v6.79a Hypertext links for LaTeX

(/usr/share/texmf-texlive/tex/generic/ifxetex/ifxetex.sty
Package: ifxetex 2009/01/23 v0.5 Provides ifxetex conditional
)
(/usr/share/texmf-texlive/tex/latex/oberdiek/hycolor.sty
Package: hycolor 2009/10/02 v1.5 Code for color options of hyperref/bookmark (H
O)

(/usr/share/texmf-texlive/tex/latex/oberdiek/xcolor-patch.sty
Package: xcolor-patch 2009/10/02 xcolor patch
))
\@linkdim=\dimen107
\Hy@linkcounter=\count92
\Hy@pagecounter=\count93

(/usr/share/texmf-texlive/tex/latex/hyperref/pd1enc.def
File: pd1enc.def 2009/10/09 v6.79a Hyperref: PDFDocEncoding definition (HO)
)
(/usr/share/texmf-texlive/tex/generic/oberdiek/etexcmds.sty
Package: etexcmds 2007/12/12 v1.2 Prefix for e-TeX command names (HO)

(/usr/share/texmf-texlive/tex/generic/oberdiek/infwarerr.sty
Package: infwarerr 2007/09/09 v1.2 Providing info/warning/message (HO)
)
Package etexcmds Info: Could not find \expanded.
(etexcmds)             That can mean that you are not using pdfTeX 1.50 or
(etexcmds)             that some package has redefined \expanded.
(etexcmds)             In the latter case, load this package earlier.
)
(/usr/share/texmf-texlive/tex/xelatex/xetexconfig/hyperref.cfg
File: hyperref.cfg 2008/07/11 v1.2 hyperref configuration for XeLaTeX
)
(/usr/share/texmf-texlive/tex/latex/oberdiek/kvoptions.sty
Package: kvoptions 2009/08/13 v3.4 Keyval support for LaTeX options (HO)

(/usr/share/texmf-texlive/tex/generic/oberdiek/kvsetkeys.sty
Package: kvsetkeys 2009/07/30 v1.5 Key value parser with default handler suppor
t (HO)
))
Package hyperref Info: Hyper figures OFF on input line 2975.
Package hyperref Info: Link nesting OFF on input line 2980.
Package hyperref Info: Hyper index ON on input line 2983.
Package hyperref Info: Plain pages OFF on input line 2990.
Package hyperref Info: Backreferencing OFF on input line 2995.

Implicit mode ON; LaTeX internals redefined
Package hyperref Info: Bookmarks ON on input line 3191.
(/usr/share/texmf-texlive/tex/latex/ltxmisc/url.sty
\Urlmuskip=\muskip10
Package: url 2006/04/12  ver 3.3  Verb mode for urls, etc.
)
LaTeX Info: Redefining \url on input line 3428.

(/usr/share/texmf-texlive/tex/generic/oberdiek/bitset.sty
Package: bitset 2007/09/28 v1.0 Data type bit set (HO)

(/usr/share/texmf-texlive/tex/generic/oberdiek/intcalc.sty
Package: intcalc 2007/09/27 v1.1 Expandable integer calculations (HO)
)
(/usr/share/texmf-texlive/tex/generic/oberdiek/bigintcalc.sty
Package: bigintcalc 2007/11/11 v1.1 Expandable big integer calculations (HO)

(/usr/share/texmf-texlive/tex/generic/oberdiek/pdftexcmds.sty
Package: pdftexcmds 2009/09/23 v0.6 LuaTeX support for pdfTeX utility functions
 (HO)

(/usr/share/texmf-texlive/tex/generic/oberdiek/ifluatex.sty
Package: ifluatex 2009/04/17 v1.2 Provides the ifluatex switch (HO)
Package ifluatex Info: LuaTeX not detected.
)
(/usr/share/texmf-texlive/tex/generic/oberdiek/ltxcmds.sty
Package: ltxcmds 2009/08/05 v1.0 Some LaTeX kernel commands for general use (HO
)
)
Package pdftexcmds Info: LuaTeX not detected.
Package pdftexcmds Info: pdfTeX >= 1.30 not detected.
Package pdftexcmds Info: \pdf@primitive is available.
Package pdftexcmds Info: \pdf@ifprimitive is available.
)))
\Fld@menulength=\count94
\Field@Width=\dimen108
\Fld@charsize=\dimen109
\Field@toks=\toks16
Package hyperref Info: Hyper figures OFF on input line 4377.
Package hyperref Info: Link nesting OFF on input line 4382.
Package hyperref Info: Hyper index ON on input line 4385.
Package hyperref Info: backreferencing OFF on input line 4392.
Package hyperref Info: Link coloring OFF on input line 4397.
Package hyperref Info: Link coloring with OCG OFF on input line 4402.
Package hyperref Info: PDF/A mode OFF on input line 4407.

(/usr/share/texmf-texlive/tex/generic/oberdiek/atbegshi.sty
Package: atbegshi 2008/07/31 v1.9 At begin shipout hook (HO)
)
\Hy@abspage=\count95
\c@Item=\count96
\c@Hfootnote=\count97
)
*hyperref using default driver hdvipdfm*
(/usr/share/texmf-texlive/tex/latex/hyperref/hdvipdfm.def
File: hdvipdfm.def 2009/10/09 v6.79a Hyperref driver for dvipdfm
\pdfm@box=\box26
\c@Hy@AnnotLevel=\count98
\HyField@AnnotCount=\count99
\Fld@listcount=\count100
)
(/usr/share/texmf-texlive/tex/latex/base/inputenc.sty
Package: inputenc 2008/03/30 v1.1d Input encoding file
\inpenc@prehook=\toks17
\inpenc@posthook=\toks18

(/usr/share/texmf-texlive/tex/latex/base/utf8.def
File: utf8.def 2008/04/05 v1.1m UTF-8 support for inputenc
Now handling font encoding OML ...
... no UTF-8 mapping file for font encoding OML
Now handling font encoding T1 ...
... processing UTF-8 mapping file for font encoding T1

(/usr/share/texmf-texlive/tex/latex/base/t1enc.dfu
File: t1enc.dfu 2008/04/05 v1.1m UTF-8 support for inputenc
   defining Unicode char U+00A1 (decimal 161)
   defining Unicode char U+00A3 (decimal 163)
   defining Unicode char U+00AB (decimal 171)
   defining Unicode char U+00BB (decimal 187)
   defining Unicode char U+00BF (decimal 191)
   defining Unicode char U+00C0 (decimal 192)
   defining Unicode char U+00C1 (decimal 193)
   defining Unicode char U+00C2 (decimal 194)
   defining Unicode char U+00C3 (decimal 195)
   defining Unicode char U+00C4 (decimal 196)
   defining Unicode char U+00C5 (decimal 197)
   defining Unicode char U+00C6 (decimal 198)
   defining Unicode char U+00C7 (decimal 199)
   defining Unicode char U+00C8 (decimal 200)
   defining Unicode char U+00C9 (decimal 201)
   defining Unicode char U+00CA (decimal 202)
   defining Unicode char U+00CB (decimal 203)
   defining Unicode char U+00CC (decimal 204)
   defining Unicode char U+00CD (decimal 205)
   defining Unicode char U+00CE (decimal 206)
   defining Unicode char U+00CF (decimal 207)
   defining Unicode char U+00D0 (decimal 208)
   defining Unicode char U+00D1 (decimal 209)
   defining Unicode char U+00D2 (decimal 210)
   defining Unicode char U+00D3 (decimal 211)
   defining Unicode char U+00D4 (decimal 212)
   defining Unicode char U+00D5 (decimal 213)
   defining Unicode char U+00D6 (decimal 214)
   defining Unicode char U+00D8 (decimal 216)
   defining Unicode char U+00D9 (decimal 217)
   defining Unicode char U+00DA (decimal 218)
   defining Unicode char U+00DB (decimal 219)
   defining Unicode char U+00DC (decimal 220)
   defining Unicode char U+00DD (decimal 221)
   defining Unicode char U+00DE (decimal 222)
   defining Unicode char U+00DF (decimal 223)
   defining Unicode char U+00E0 (decimal 224)
   defining Unicode char U+00E1 (decimal 225)
   defining Unicode char U+00E2 (decimal 226)
   defining Unicode char U+00E3 (decimal 227)
   defining Unicode char U+00E4 (decimal 228)
   defining Unicode char U+00E5 (decimal 229)
   defining Unicode char U+00E6 (decimal 230)
   defining Unicode char U+00E7 (decimal 231)
   defining Unicode char U+00E8 (decimal 232)
   defining Unicode char U+00E9 (decimal 233)
   defining Unicode char U+00EA (decimal 234)
   defining Unicode char U+00EB (decimal 235)
   defining Unicode char U+00EC (decimal 236)
   defining Unicode char U+00ED (decimal 237)
   defining Unicode char U+00EE (decimal 238)
   defining Unicode char U+00EF (decimal 239)
   defining Unicode char U+00F0 (decimal 240)
   defining Unicode char U+00F1 (decimal 241)
   defining Unicode char U+00F2 (decimal 242)
   defining Unicode char U+00F3 (decimal 243)
   defining Unicode char U+00F4 (decimal 244)
   defining Unicode char U+00F5 (decimal 245)
   defining Unicode char U+00F6 (decimal 246)
   defining Unicode char U+00F8 (decimal 248)
   defining Unicode char U+00F9 (decimal 249)
   defining Unicode char U+00FA (decimal 250)
   defining Unicode char U+00FB (decimal 251)
   defining Unicode char U+00FC (decimal 252)
   defining Unicode char U+00FD (decimal 253)
   defining Unicode char U+00FE (decimal 254)
   defining Unicode char U+00FF (decimal 255)
   defining Unicode char U+0102 (decimal 258)
   defining Unicode char U+0103 (decimal 259)
   defining Unicode char U+0104 (decimal 260)
   defining Unicode char U+0105 (decimal 261)
   defining Unicode char U+0106 (decimal 262)
   defining Unicode char U+0107 (decimal 263)
   defining Unicode char U+010C (decimal 268)
   defining Unicode char U+010D (decimal 269)
   defining Unicode char U+010E (decimal 270)
   defining Unicode char U+010F (decimal 271)
   defining Unicode char U+0110 (decimal 272)
   defining Unicode char U+0111 (decimal 273)
   defining Unicode char U+0118 (decimal 280)
   defining Unicode char U+0119 (decimal 281)
   defining Unicode char U+011A (decimal 282)
   defining Unicode char U+011B (decimal 283)
   defining Unicode char U+011E (decimal 286)
   defining Unicode char U+011F (decimal 287)
   defining Unicode char U+0130 (decimal 304)
   defining Unicode char U+0131 (decimal 305)
   defining Unicode char U+0132 (decimal 306)
   defining Unicode char U+0133 (decimal 307)
   defining Unicode char U+0139 (decimal 313)
   defining Unicode char U+013A (decimal 314)
   defining Unicode char U+013D (decimal 317)
   defining Unicode char U+013E (decimal 318)
   defining Unicode char U+0141 (decimal 321)
   defining Unicode char U+0142 (decimal 322)
   defining Unicode char U+0143 (decimal 323)
   defining Unicode char U+0144 (decimal 324)
   defining Unicode char U+0147 (decimal 327)
   defining Unicode char U+0148 (decimal 328)
   defining Unicode char U+014A (decimal 330)
   defining Unicode char U+014B (decimal 331)
   defining Unicode char U+0150 (decimal 336)
   defining Unicode char U+0151 (decimal 337)
   defining Unicode char U+0152 (decimal 338)
   defining Unicode char U+0153 (decimal 339)
   defining Unicode char U+0154 (decimal 340)
   defining Unicode char U+0155 (decimal 341)
   defining Unicode char U+0158 (decimal 344)
   defining Unicode char U+0159 (decimal 345)
   defining Unicode char U+015A (decimal 346)
   defining Unicode char U+015B (decimal 347)
   defining Unicode char U+015E (decimal 350)
   defining Unicode char U+015F (decimal 351)
   defining Unicode char U+0160 (decimal 352)
   defining Unicode char U+0161 (decimal 353)
   defining Unicode char U+0162 (decimal 354)
   defining Unicode char U+0163 (decimal 355)
   defining Unicode char U+0164 (decimal 356)
   defining Unicode char U+0165 (decimal 357)
   defining Unicode char U+016E (decimal 366)
   defining Unicode char U+016F (decimal 367)
   defining Unicode char U+0170 (decimal 368)
   defining Unicode char U+0171 (decimal 369)
   defining Unicode char U+0178 (decimal 376)
   defining Unicode char U+0179 (decimal 377)
   defining Unicode char U+017A (decimal 378)
   defining Unicode char U+017B (decimal 379)
   defining Unicode char U+017C (decimal 380)
   defining Unicode char U+017D (decimal 381)
   defining Unicode char U+017E (decimal 382)
   defining Unicode char U+200C (decimal 8204)
   defining Unicode char U+2013 (decimal 8211)
   defining Unicode char U+2014 (decimal 8212)
   defining Unicode char U+2018 (decimal 8216)
   defining Unicode char U+2019 (decimal 8217)
   defining Unicode char U+201A (decimal 8218)
   defining Unicode char U+201C (decimal 8220)
   defining Unicode char U+201D (decimal 8221)
   defining Unicode char U+201E (decimal 8222)
   defining Unicode char U+2030 (decimal 8240)
   defining Unicode char U+2031 (decimal 8241)
   defining Unicode char U+2039 (decimal 8249)
   defining Unicode char U+203A (decimal 8250)
   defining Unicode char U+2423 (decimal 9251)
)
Now handling font encoding OT1 ...
... processing UTF-8 mapping file for font encoding OT1

(/usr/share/texmf-texlive/tex/latex/base/ot1enc.dfu
File: ot1enc.dfu 2008/04/05 v1.1m UTF-8 support for inputenc
   defining Unicode char U+00A1 (decimal 161)
   defining Unicode char U+00A3 (decimal 163)
   defining Unicode char U+00B8 (decimal 184)
   defining Unicode char U+00BF (decimal 191)
   defining Unicode char U+00C5 (decimal 197)
   defining Unicode char U+00C6 (decimal 198)
   defining Unicode char U+00D8 (decimal 216)
   defining Unicode char U+00DF (decimal 223)
   defining Unicode char U+00E6 (decimal 230)
   defining Unicode char U+00EC (decimal 236)
   defining Unicode char U+00ED (decimal 237)
   defining Unicode char U+00EE (decimal 238)
   defining Unicode char U+00EF (decimal 239)
   defining Unicode char U+00F8 (decimal 248)
   defining Unicode char U+0131 (decimal 305)
   defining Unicode char U+0141 (decimal 321)
   defining Unicode char U+0142 (decimal 322)
   defining Unicode char U+0152 (decimal 338)
   defining Unicode char U+0153 (decimal 339)
   defining Unicode char U+2013 (decimal 8211)
   defining Unicode char U+2014 (decimal 8212)
   defining Unicode char U+2018 (decimal 8216)
   defining Unicode char U+2019 (decimal 8217)
   defining Unicode char U+201C (decimal 8220)
   defining Unicode char U+201D (decimal 8221)
)
Now handling font encoding OMS ...
... processing UTF-8 mapping file for font encoding OMS

(/usr/share/texmf-texlive/tex/latex/base/omsenc.dfu
File: omsenc.dfu 2008/04/05 v1.1m UTF-8 support for inputenc
   defining Unicode char U+00A7 (decimal 167)
   defining Unicode char U+00B6 (decimal 182)
   defining Unicode char U+00B7 (decimal 183)
   defining Unicode char U+2020 (decimal 8224)
   defining Unicode char U+2021 (decimal 8225)
   defining Unicode char U+2022 (decimal 8226)
)
Now handling font encoding OMX ...
... no UTF-8 mapping file for font encoding OMX
Now handling font encoding U ...
... no UTF-8 mapping file for font encoding U
Now handling font encoding PD1 ...
... no UTF-8 mapping file for font encoding PD1
   defining Unicode char U+00A9 (decimal 169)
   defining Unicode char U+00AA (decimal 170)
   defining Unicode char U+00AE (decimal 174)
   defining Unicode char U+00BA (decimal 186)
   defining Unicode char U+02C6 (decimal 710)
   defining Unicode char U+02DC (decimal 732)
   defining Unicode char U+200C (decimal 8204)
   defining Unicode char U+2026 (decimal 8230)
   defining Unicode char U+2122 (decimal 8482)
   defining Unicode char U+2423 (decimal 9251)
))
(/usr/share/texmf-texlive/tex/xelatex/fontspec/fontspec.sty
Package: fontspec 2008/08/09 v1.18 Advanced font selection for XeLaTeX
\c@zf@newff=\count101
\c@zf@index=\count102
\c@zf@script=\count103
\c@zf@language=\count104

(/usr/share/texmf-texlive/tex/latex/tools/calc.sty
Package: calc 2007/08/22 v4.3 Infix arithmetic (KKT,FJ)
\calc@Acount=\count105
\calc@Bcount=\count106
\calc@Adimen=\dimen110
\calc@Bdimen=\dimen111
\calc@Askip=\skip43
\calc@Bskip=\skip44
LaTeX Info: Redefining \setlength on input line 76.
LaTeX Info: Redefining \addtolength on input line 77.
\calc@Ccount=\count107
\calc@Cskip=\skip45
)
(/usr/share/texmf-texlive/tex/latex/xkeyval/xkeyval.sty
Package: xkeyval 2008/08/13 v2.6a package option processing (HA)

(/usr/share/texmf-texlive/tex/generic/xkeyval/xkeyval.tex
\XKV@toks=\toks19
\XKV@tempa@toks=\toks20
\XKV@depth=\count108
File: xkeyval.tex 2008/08/13 v2.6a key=value parser (HA)
))
(/usr/share/texmf-texlive/tex/latex/base/fontenc.sty
Package: fontenc 2005/09/27 v1.99g Standard LaTeX package

(/usr/share/texmf-texlive/tex/xelatex/euenc/eu1enc.def
File: eu1enc.def 2008/03/08 v0.1d Experimental unicode font encoding
Now handling font encoding EU1 ...
... no UTF-8 mapping file for font encoding EU1
)
LaTeX Font Info:    Try loading font information for EU1+lmr on input line 100.


(/usr/share/texmf-texlive/tex/xelatex/euenc/eu1lmr.fd
File: eu1lmr.fd 2007/01/14 v1.3 Font defs for Latin Modern
))
LaTeX Info: Redefining \itshape on input line 1163.
LaTeX Info: Redefining \slshape on input line 1166.
LaTeX Info: Redefining \scshape on input line 1169.
LaTeX Info: Redefining \upshape on input line 1172.

fontspec.cfg loaded.
(/usr/share/texmf-texlive/tex/xelatex/fontspec/fontspec.cfg))
(/usr/share/texmf-texlive/tex/xelatex/polyglossia/polyglossia.sty
Package: polyglossia 2009/01/25 v1.0.2 Babel replacement for XeLaTeX

(/usr/share/texmf-texlive/tex/latex/etoolbox/etoolbox.sty
Package: etoolbox 2009/08/06 v1.8 e-TeX tools for LaTeX

(/usr/share/texmf-texlive/tex/latex/etex-pkg/etex.sty
Package: etex 1998/03/26 v2.0 eTeX basic definition package (PEB)
\et@xins=\count109
)))
(/usr/share/texmf-texlive/tex/xelatex/polyglossia/gloss-latvian.ldf
File: gloss-latvian.ldf polyglossia: module for latvian


Package polyglossia Warning: No hyphenation patterns were loaded for `Latvian'
(polyglossia)                I will use the patterns loaded for \language=0
(polyglossia)                instead on input line 6.

\l@latvian = a dialect from \language0
)
Package polyglossia Info: Default language is latvian..
 (./fixlatvian.sty (/usr/share/texmf-texlive/tex/latex/svn-prov/svn-prov.sty
Package: svn-prov 2009/05/03 v1.1049 Package Date/Version from SVN Keywords
)
Package: fixlatvian 2011/02/05 v1a Improved Latvian support

(/usr/share/texmf-texlive/tex/latex/caption/caption.sty
Package: caption 2009/10/09 v3.1k Customizing captions (AR)

(/usr/share/texmf-texlive/tex/latex/caption/caption3.sty
Package: caption3 2009/10/09 v3.1k caption3 kernel (AR)
\captionmargin=\dimen112
\captionmargin@=\dimen113
\captionwidth=\dimen114
\caption@indent=\dimen115
\caption@parindent=\dimen116
\caption@hangindent=\dimen117
)
\c@ContinuedFloat=\count110
Package caption Info: hyperref package is loaded.
)
(/usr/share/texmf-texlive/tex/latex/bigfoot/perpage.sty
Package: perpage 2006/07/15 1.12 Reset/sort counters per page
\c@abspage=\count111
)
(/usr/share/texmf-texlive/tex/latex/xstring/xstring.sty
(/usr/share/texmf-texlive/tex/generic/xstring/xstring.tex
\@xs@message=\write3
\integerpart=\count112
\decimalpart=\count113
)
Package: xstring 2009/06/05 v1.5c String manipulations (C Tellechea)
)
(/usr/share/texmf-texlive/tex/latex/tools/indentfirst.sty
Package: indentfirst 1995/11/23 v1.03 Indent first paragraph (DPC)
)
(/usr/share/texmf-texlive/tex/latex/was/icomma.sty
Package: icomma 2002/03/10 v2.0 (WaS)
)
Package fixlatvian Info: Could not change the definition of the \sectionmark co
mmand on input line 135.
Package fixlatvian Info: Could not change the definition of the \subsectionmark
 command on input line 138.
\c@pp@a@footnote=\count114
)
(/usr/share/texmf-texlive/tex/latex/setspace/setspace.sty
Package: setspace 2000/12/01 6.7 Contributed and Supported LaTeX2e package

Package: `setspace' 6.7 <2000/12/01>
) (/usr/share/texmf-texlive/tex/latex/glossaries/base/glossaries.sty
Package: glossaries 2009/09/23 v2.03 (NLCT)

(/usr/share/texmf-texlive/tex/latex/base/ifthen.sty
Package: ifthen 2001/05/26 v1.1c Standard LaTeX ifthen package (DPC)
)
(/usr/share/texmf-texlive/tex/latex/glossaries/base/mfirstuc.sty
Package: mfirstuc 2008/12/22 v1.03 (NLCT)
)
(/usr/share/texmf-texlive/tex/latex/xfor/xfor.sty
Package: xfor 2009/02/05 v1.05 (NLCT)
)
(/usr/share/texmf-texlive/tex/latex/amsmath/amsgen.sty
File: amsgen.sty 1999/11/30 v2.0
\@emptytoks=\toks21
\ex@=\dimen118
)
(/usr/share/texmf/tex/latex/beamer/base/translator/translator.sty
Package: translator 2010/06/12 ver 1.10

(/usr/share/texmf/tex/latex/beamer/base/translator/translator-language-mappings
.tex))
\gls@level=\count115
\@gls@tmpb=\toks22
\gls@tmplen=\skip46
\istfile=\write4

(/usr/share/texmf-texlive/tex/latex/glossaries/styles/glossary-hypernav.sty
Package: glossary-hypernav 2007/07/04 v1.01 (NLCT)
)
(/usr/share/texmf-texlive/tex/latex/glossaries/styles/glossary-list.sty
Package: glossary-list 2009/05/30 v2.01 (NLCT)
\glslistdottedwidth=\skip47
)
(/usr/share/texmf-texlive/tex/latex/glossaries/styles/glossary-long.sty
Package: glossary-long 2009/05/30 v2.01 (NLCT)

(/usr/share/texmf-texlive/tex/latex/tools/longtable.sty
Package: longtable 2004/02/01 v4.11 Multi-page Table package (DPC)
\LTleft=\skip48
\LTright=\skip49
\LTpre=\skip50
\LTpost=\skip51
\LTchunksize=\count116
\LTcapwidth=\dimen119
\LT@head=\box27
\LT@firsthead=\box28
\LT@foot=\box29
\LT@lastfoot=\box30
\LT@cols=\count117
\LT@rows=\count118
\c@LT@tables=\count119
\c@LT@chunks=\count120
\LT@p@ftn=\toks23
)
\glsdescwidth=\skip52
\glspagelistwidth=\skip53
)
(/usr/share/texmf-texlive/tex/latex/glossaries/styles/glossary-super.sty
Package: glossary-super 2009/05/30 v2.01 (NLCT)

(/usr/share/texmf-texlive/tex/latex/supertabular/supertabular.sty
Package: supertabular 2004/02/20 v4.1e the supertabular environment
\c@tracingst=\count121
\ST@wd=\dimen120
\ST@rightskip=\skip54
\ST@leftskip=\skip55
\ST@parfillskip=\skip56
\ST@pageleft=\dimen121
\ST@headht=\dimen122
\ST@tailht=\dimen123
\ST@pagesofar=\dimen124
\ST@pboxht=\dimen125
\ST@lineht=\dimen126
\ST@stretchht=\dimen127
\ST@prevht=\dimen128
\ST@toadd=\dimen129
\ST@dimen=\dimen130
\ST@pbox=\box31
))
(/usr/share/texmf-texlive/tex/latex/glossaries/styles/glossary-tree.sty
Package: glossary-tree 2009/01/14 v1.01 (NLCT)
\glstreeindent=\skip57
))
(/usr/share/texmf-texlive/tex/latex/amsfonts/amsfonts.sty
Package: amsfonts 2009/06/22 v3.00 Basic AMSFonts support
\symAMSa=\mathgroup4
\symAMSb=\mathgroup5
LaTeX Font Info:    Overwriting math alphabet `\mathfrak' in version `bold'
(Font)                  U/euf/m/n --> U/euf/b/n on input line 96.
)
(/usr/share/texmf-texlive/tex/latex/amsmath/amsmath.sty
Package: amsmath 2000/07/18 v2.13 AMS math features
\@mathmargin=\skip58

For additional information on amsmath, use the `?' option.
(/usr/share/texmf-texlive/tex/latex/amsmath/amstext.sty
Package: amstext 2000/06/29 v2.01
)
(/usr/share/texmf-texlive/tex/latex/amsmath/amsbsy.sty
Package: amsbsy 1999/11/29 v1.2d
\pmbraise@=\dimen131
)
(/usr/share/texmf-texlive/tex/latex/amsmath/amsopn.sty
Package: amsopn 1999/12/14 v2.01 operator names
)
\inf@bad=\count122
LaTeX Info: Redefining \frac on input line 211.
\uproot@=\count123
\leftroot@=\count124
LaTeX Info: Redefining \overline on input line 307.
\classnum@=\count125
\DOTSCASE@=\count126
LaTeX Info: Redefining \ldots on input line 379.
LaTeX Info: Redefining \dots on input line 382.
LaTeX Info: Redefining \cdots on input line 467.
\Mathstrutbox@=\box32
\strutbox@=\box33
\big@size=\dimen132
LaTeX Font Info:    Redeclaring font encoding OML on input line 567.
LaTeX Font Info:    Redeclaring font encoding OMS on input line 568.
\macc@depth=\count127
\c@MaxMatrixCols=\count128
\dotsspace@=\muskip11
\c@parentequation=\count129
\dspbrk@lvl=\count130
\tag@help=\toks24
\row@=\count131
\column@=\count132
\maxfields@=\count133
\andhelp@=\toks25
\eqnshift@=\dimen133
\alignsep@=\dimen134
\tagshift@=\dimen135
\tagwidth@=\dimen136
\totwidth@=\dimen137
\lineht@=\dimen138
\@envbody=\toks26
\multlinegap=\skip59
\multlinetaggap=\skip60
\mathdisplay@stack=\toks27
LaTeX Info: Redefining \[ on input line 2666.
LaTeX Info: Redefining \] on input line 2667.
)
(/usr/share/texmf-texlive/tex/latex/graphics/graphicx.sty
Package: graphicx 1999/02/16 v1.0f Enhanced LaTeX Graphics (DPC,SPQR)

(/usr/share/texmf-texlive/tex/latex/graphics/graphics.sty
Package: graphics 2009/02/05 v1.0o Standard LaTeX Graphics (DPC,SPQR)

(/usr/share/texmf-texlive/tex/latex/graphics/trig.sty
Package: trig 1999/03/16 v1.09 sin cos tan (DPC)
)
(/etc/texmf/tex/latex/config/graphics.cfg
File: graphics.cfg 2009/08/28 v1.8 graphics configuration of TeX Live
)
Package graphics Info: Driver file: xetex.def on input line 91.

(/usr/share/texmf-texlive/tex/xelatex/xetex-def/xetex.def
File: xetex.def 2009/11/22 v0.94 LaTeX color/graphics driver for XeTeX (RRM/JK)

))
\Gin@req@height=\dimen139
\Gin@req@width=\dimen140
)
(/usr/share/texmf-texlive/tex/latex/psfrag/psfrag.sty
Package: psfrag 1998/04/11 v3.04 PSfrag (MCG)
\pfg@pcount=\count134
\pfg@scount=\count135
\pfg@temp=\write5
)
(/usr/share/texmf-texlive/tex/latex/tools/layout.sty
Package: layout 2000/09/25 v1.2c Show layout parameters
\oneinch=\count136
\cnt@paperwidth=\count137
\cnt@paperheight=\count138
\cnt@hoffset=\count139
\cnt@voffset=\count140
\cnt@textheight=\count141
\cnt@textwidth=\count142
\cnt@topmargin=\count143
\cnt@oddsidemargin=\count144
\cnt@evensidemargin=\count145
\cnt@headheight=\count146
\cnt@headsep=\count147
\cnt@marginparsep=\count148
\cnt@marginparwidth=\count149
\cnt@marginparpush=\count150
\cnt@footskip=\count151
\fheight=\count152
\ref@top=\count153
\ref@hoffset=\count154
\ref@voffset=\count155
\ref@head=\count156
\ref@body=\count157
\ref@foot=\count158
\ref@margin=\count159
\ref@marginwidth=\count160
\ref@marginpar=\count161
\Interval=\count162
\ExtraYPos=\count163
\PositionX=\count164
\PositionY=\count165
\ArrowLength=\count166
)
(/usr/share/texmf-texlive/tex/latex/appendix/appendix.sty
Package: appendix 2009/09/02 v1.2b extra appendix facilities
\c@@pps=\count167
\c@@ppsavesec=\count168
\c@@ppsaveapp=\count169
)
(/usr/share/texmf-texlive/tex/latex/natbib/natbib.sty
Package: natbib 2009/07/16 8.31 (PWD, AO)
\bibhang=\skip61
\bibsep=\skip62
LaTeX Info: Redefining \cite on input line 694.
\c@NAT@ctr=\count170
)
(/usr/share/texmf-texlive/tex/latex/ltxmisc/parskip.sty
Package: parskip 2001/04/09 non-zero parskip adjustments
)
(/usr/share/texmf-texlive/tex/latex/fancyhdr/fancyhdr.sty
\fancy@headwidth=\skip63
\f@ncyO@elh=\skip64
\f@ncyO@erh=\skip65
\f@ncyO@olh=\skip66
\f@ncyO@orh=\skip67
\f@ncyO@elf=\skip68
\f@ncyO@erf=\skip69
\f@ncyO@olf=\skip70
\f@ncyO@orf=\skip71
)
(/usr/share/texmf-texlive/tex/latex/acronym/acronym.sty
Package: acronym 2009/01/25 v1.34 Support for acronyms (Tobias Oetiker)

(/usr/share/texmf-texlive/tex/latex/bigfoot/suffix.sty
Package: suffix 2006/07/15 1.5 Variant command support
)
\AC@clearlist=\toks28
)
(/usr/share/texmf-texlive/tex/latex/multirow/multirow.sty
\bigstrutjot=\dimen141
)
(/usr/share/texmf-texlive/tex/latex/enumitem/enumitem.sty
Package: enumitem 2009/05/18 v2.2 Customized lists
\enit@toks=\toks29
\labelindent=\skip72
\enit@outerparindent=\dimen142
\enitdp@desc=\count171
)
(/usr/share/texmf-texlive/tex/latex/pdfpages/pdfpages.sty
Package: pdfpages 2009/02/07 v0.4g Insert pages of external PDF documents (AM)

(/usr/share/texmf-texlive/tex/latex/eso-pic/eso-pic.sty
Package: eso-pic 2006/07/14 v1.1d eso-pic (RN)

(/usr/share/texmf-texlive/tex/latex/ms/everyshi.sty
Package: everyshi 2001/05/15 v3.00 EveryShipout Package (MS)
))
(/usr/share/texmf-texlive/tex/latex/pdfpages/ppxetex.def
File: ppxetex.def 2009/02/07 v0.4g Pdfpages driver for XeTeX (AM)
)
\AM@pagebox=\box34
\AM@toc@title=\toks30
\c@AM@survey=\count172
\AM@templatesizebox=\box35
)
\glo@main@file=\write6
\openout6 = `main_thesis.glo'.

Package glossaries Info: Writing glossary file main_thesis.glo on input line 95
.
 (./burti.tex)
(/usr/share/texmf-texlive/tex/latex/titlesec/titlesec.sty
Package: titlesec 2007/08/12 v2.8 Sectioning titles
\ttl@box=\box36
\beforetitleunit=\skip73
\aftertitleunit=\skip74
\ttl@plus=\dimen143
\ttl@minus=\dimen144
\ttl@toksa=\toks31
\titlewidth=\dimen145
\titlewidthlast=\dimen146
\titlewidthfirst=\dimen147
)
(/usr/share/texmf-texlive/tex/latex/listings/listings.sty
\lst@mode=\count173
\lst@gtempboxa=\box37
\lst@token=\toks32
\lst@length=\count174
\lst@currlwidth=\dimen148
\lst@column=\count175
\lst@pos=\count176
\lst@lostspace=\dimen149
\lst@width=\dimen150
\lst@newlines=\count177
\lst@lineno=\count178
\lst@maxwidth=\dimen151

(/usr/share/texmf-texlive/tex/latex/listings/lstmisc.sty
File: lstmisc.sty 2007/02/22 1.4 (Carsten Heinz)
\c@lstnumber=\count179
\lst@skipnumbers=\count180
\lst@framebox=\box38
)
(/usr/share/texmf-texlive/tex/latex/listings/listings.cfg
File: listings.cfg 2007/02/22 1.4 listings configuration
))
Package: listings 2007/02/22 1.4 (Carsten Heinz)

(/usr/share/texmf-texlive/tex/latex/graphics/color.sty
Package: color 2005/11/14 v1.0j Standard LaTeX Color (DPC)

(/etc/texmf/tex/latex/config/color.cfg
File: color.cfg 2007/01/18 v1.5 color configuration of teTeX/TeXLive
)
Package color Info: Driver file: xetex.def on input line 130.

(/usr/share/texmf-texlive/tex/latex/graphics/dvipsnam.def
File: dvipsnam.def 1999/02/16 v3.0i Driver-dependant file (DPC,SPQR)
))
(/usr/share/texmf-texlive/tex/latex/listings/lstlang1.sty
File: lstlang1.sty 2004/09/05 1.3 listings language file
) (./main_thesis.aux
(./0titlepage.aux) (./0msc_anno_lv.aux) (./0msc_anno_eng.aux) (./acronyms.aux)
(./1ievads.aux) (./2bezTikli.aux) (./3teor.aux) (./4z_mobility.aux)
(./5z_prot.aux) (./6msc_sim.aux) (./7msc_conclusion.aux))
\openout1 = `main_thesis.aux'.

LaTeX Font Info:    Checking defaults for OML/cmm/m/it on input line 168.
LaTeX Font Info:    ... okay on input line 168.
LaTeX Font Info:    Checking defaults for T1/cmr/m/n on input line 168.
LaTeX Font Info:    ... okay on input line 168.
LaTeX Font Info:    Checking defaults for OT1/cmr/m/n on input line 168.
LaTeX Font Info:    ... okay on input line 168.
LaTeX Font Info:    Checking defaults for OMS/cmsy/m/n on input line 168.
LaTeX Font Info:    ... okay on input line 168.
LaTeX Font Info:    Checking defaults for OMX/cmex/m/n on input line 168.
LaTeX Font Info:    ... okay on input line 168.
LaTeX Font Info:    Checking defaults for U/cmr/m/n on input line 168.
LaTeX Font Info:    ... okay on input line 168.
LaTeX Font Info:    Checking defaults for PD1/pdf/m/n on input line 168.
LaTeX Font Info:    ... okay on input line 168.
LaTeX Font Info:    Checking defaults for EU1/lmr/m/n on input line 168.
LaTeX Font Info:    ... okay on input line 168.

*geometry detected driver: dvips*
-------------------- Geometry parameters
paper: a4paper
landscape: --
twocolumn: --
twoside: --
asymmetric: --
h-parts: 85.35826pt, 462.3573pt, 49.79231pt
v-parts: 56.9055pt, 731.23584pt, 56.9055pt
hmarginratio: --
vmarginratio: --
lines: --
heightrounded: --
bindingoffset: 0.0pt
truedimen: --
includehead: --
includefoot: --
includemp: --
driver: dvips
-------------------- Page layout dimensions and switches
\paperwidth  597.50787pt
\paperheight 845.04684pt
\textwidth  462.3573pt
\textheight 731.23584pt
\oddsidemargin  13.08827pt
\evensidemargin 13.08827pt
\topmargin  -47.23828pt
\headheight 15.0pt
\headsep    19.8738pt
\footskip   30.0pt
\marginparwidth 38.0pt
\marginparsep   7.0pt
\columnsep  10.0pt
\skip\footins  10.8pt plus 4.0pt minus 2.0pt
\hoffset 0.0pt
\voffset 0.0pt
\mag 1000

(1in=72.27pt, 1cm=28.45pt)
-----------------------
Package hyperref Info: Link coloring OFF on input line 168.
(/usr/share/texmf-texlive/tex/latex/hyperref/nameref.sty
Package: nameref 2007/05/29 v2.31 Cross-referencing by name of section

(/usr/share/texmf-texlive/tex/latex/oberdiek/refcount.sty
Package: refcount 2008/08/11 v3.1 Data extraction from references (HO)
)
\c@section@level=\count181
)
LaTeX Info: Redefining \ref on input line 168.
LaTeX Info: Redefining \pageref on input line 168.
 (./main_thesis.out) (./main_thesis.out)
\@outlinefile=\write7
\openout7 = `main_thesis.out'.

\AtBeginShipoutBox=\box39
Package fontspec Info: Adjusting the maths setup (use [no-math] to avoid this).
 on input line 168.
\symlegacymaths=\mathgroup6
LaTeX Font Info:    Overwriting symbol font `legacymaths' in version `bold'
(Font)                  OT1/cmr/m/n --> OT1/cmr/bx/n on input line 168.
LaTeX Font Info:    Redeclaring math accent \acute on input line 168.
LaTeX Font Info:    Redeclaring math accent \grave on input line 168.
LaTeX Font Info:    Redeclaring math accent \ddot on input line 168.
LaTeX Font Info:    Redeclaring math accent \tilde on input line 168.
LaTeX Font Info:    Redeclaring math accent \bar on input line 168.
LaTeX Font Info:    Redeclaring math accent \breve on input line 168.
LaTeX Font Info:    Redeclaring math accent \check on input line 168.
LaTeX Font Info:    Redeclaring math accent \hat on input line 168.
LaTeX Font Info:    Redeclaring math accent \dot on input line 168.
LaTeX Font Info:    Redeclaring math accent \mathring on input line 168.
LaTeX Font Info:    Redeclaring math symbol \Gamma on input line 168.
LaTeX Font Info:    Redeclaring math symbol \Delta on input line 168.
LaTeX Font Info:    Redeclaring math symbol \Theta on input line 168.
LaTeX Font Info:    Redeclaring math symbol \Lambda on input line 168.
LaTeX Font Info:    Redeclaring math symbol \Xi on input line 168.
LaTeX Font Info:    Redeclaring math symbol \Pi on input line 168.
LaTeX Font Info:    Redeclaring math symbol \Sigma on input line 168.
LaTeX Font Info:    Redeclaring math symbol \Upsilon on input line 168.
LaTeX Font Info:    Redeclaring math symbol \Phi on input line 168.
LaTeX Font Info:    Redeclaring math symbol \Psi on input line 168.
LaTeX Font Info:    Redeclaring math symbol \Omega on input line 168.
LaTeX Font Info:    Redeclaring math symbol \mathdollar on input line 168.
LaTeX Font Info:    Redeclaring symbol font `operators' on input line 168.
LaTeX Font Info:    Encoding `OT1' has changed to `EU1' for symbol font
(Font)              `operators' in the math version `normal' on input line 168.

LaTeX Font Info:    Overwriting symbol font `operators' in version `normal'
(Font)                  OT1/cmr/m/n --> EU1/lmr/m/n on input line 168.
LaTeX Font Info:    Encoding `OT1' has changed to `EU1' for symbol font
(Font)              `operators' in the math version `bold' on input line 168.
LaTeX Font Info:    Overwriting symbol font `operators' in version `bold'
(Font)                  OT1/cmr/bx/n --> EU1/lmr/m/n on input line 168.
LaTeX Font Info:    Overwriting symbol font `operators' in version `normal'
(Font)                  EU1/lmr/m/n --> EU1/lmr/m/n on input line 168.
LaTeX Font Info:    Overwriting math alphabet `\mathrm' in version `normal'
(Font)                  EU1/lmr/m/n --> EU1/lmr/m/n on input line 168.
LaTeX Font Info:    Overwriting math alphabet `\mathit' in version `normal'
(Font)                  OT1/cmr/m/it --> EU1/lmr/m/it on input line 168.
LaTeX Font Info:    Overwriting math alphabet `\mathbf' in version `normal'
(Font)                  OT1/cmr/bx/n --> EU1/lmr/bx/n on input line 168.
LaTeX Font Info:    Overwriting math alphabet `\mathsf' in version `normal'
(Font)                  OT1/cmss/m/n --> EU1/lmss/m/n on input line 168.
LaTeX Font Info:    Overwriting math alphabet `\mathtt' in version `normal'
(Font)                  OT1/cmtt/m/n --> EU1/lmtt/m/n on input line 168.
LaTeX Font Info:    Overwriting symbol font `operators' in version `bold'
(Font)                  EU1/lmr/m/n --> EU1/lmr/bx/n on input line 168.
LaTeX Font Info:    Overwriting math alphabet `\mathrm' in version `bold'
(Font)                  EU1/lmr/m/n --> EU1/lmr/bx/n on input line 168.
LaTeX Font Info:    Overwriting math alphabet `\mathit' in version `bold'
(Font)                  OT1/cmr/bx/it --> EU1/lmr/bx/it on input line 168.
LaTeX Font Info:    Overwriting math alphabet `\mathsf' in version `bold'
(Font)                  OT1/cmss/bx/n --> EU1/lmss/bx/n on input line 168.
LaTeX Font Info:    Overwriting math alphabet `\mathtt' in version `bold'
(Font)                  OT1/cmtt/m/n --> EU1/lmtt/bx/n on input line 168.
Package caption Info: Begin \AtBeginDocument code.
Package caption Info: listings package is loaded.
Package caption Info: longtable package is loaded.
 (/usr/share/texmf-texlive/tex/latex/caption/ltcaption.sty
Package: ltcaption 2008/03/28 v1.2 longtable captions (AR)
)
Package caption Info: supertabular package is loaded.
Package caption Info: End \AtBeginDocument code.

(/usr/share/texmf-texlive/tex/latex/glossaries/dict/glossaries-dictionary-Engli
sh.dict
Dictionary: glossaries-dictionary, Language: English 
) ABD: EveryShipout initializing macros
\c@lstlisting=\count182
\openout2 = `0titlepage.aux'.

 (./0titlepage.tex [1



\openout4 = `main_thesis.ist'.




]) [1


]
File: ./pdf/novert.pdf Graphic file (type QTm)

<use  "./pdf/novert.pdf"  page1>

Package pdfpages Warning: Erroneous page width of 0.0pt is corrected.


Package pdfpages Warning: Erroneous page height of 0.0pt is corrected.

File: ./pdf/novert.pdf Graphic file (type QTm)
<use  "./pdf/novert.pdf"  page1>
File: ./pdf/novert.pdf Graphic file (type QTm)
 <use  "./pdf/novert.pdf"  page1>
File: ./pdf/novert.pdf Graphic file (type QTm)

<use  "./pdf/novert.pdf"  page1>
File: ./pdf/novert.pdf Graphic file (type QTm)
 <use  "./pdf/novert.pdf"  page1> [2



]
File: ./pdf/ortus1.pdf Graphic file (type QTm)

<use  "./pdf/ortus1.pdf"  page1>

Package pdfpages Warning: Erroneous page width of 0.0pt is corrected.


Package pdfpages Warning: Erroneous page height of 0.0pt is corrected.

File: ./pdf/ortus1.pdf Graphic file (type QTm)
<use  "./pdf/ortus1.pdf"  page1>
File: ./pdf/ortus1.pdf Graphic file (type QTm)
 <use  "./pdf/ortus1.pdf"  page1>
File: ./pdf/ortus1.pdf Graphic file (type QTm)

<use  "./pdf/ortus1.pdf"  page1>
File: ./pdf/ortus1.pdf Graphic file (type QTm)
 <use  "./pdf/ortus1.pdf"  page1> [3


]
\openout2 = `0msc_anno_lv.aux'.


(./0msc_anno_lv.tex) [4


]
\openout2 = `0msc_anno_eng.aux'.

 (./0msc_anno_eng.tex) [5



]
\openout2 = `acronyms.aux'.

 (./acronyms.tex [6



]
Overfull \hbox (9.36566pt too wide) in paragraph at lines 44--45
[] \EU1/lmr/m/it/12 - Opportunistic Nonereservation-based switching - \EU1/lmr/
m/n/12 Oport≈´nistiska bez rezervƒì≈°anas
 []

) [7] (./main_thesis.toc
LaTeX Font Info:    Try loading font information for U+msa on input line 2.
 (/usr/share/texmf-texlive/tex/latex/amsfonts/umsa.fd
File: umsa.fd 2009/06/22 v3.00 AMS symbols A
)
LaTeX Font Info:    Try loading font information for U+msb on input line 2.

(/usr/share/texmf-texlive/tex/latex/amsfonts/umsb.fd
File: umsb.fd 2009/06/22 v3.00 AMS symbols B
) [8


] [9]
Overfull \hbox (37.23997pt too wide) detected at line 89
\EU1/lmr/m/n/12 Pielikums A. 
 []


Overfull \hbox (36.74797pt too wide) detected at line 90
\EU1/lmr/m/n/12 Pielikums B. 
 []


Overfull \hbox (36.91597pt too wide) detected at line 91
\EU1/lmr/m/n/12 Pielikums C. 
 []

)
\tf@toc=\write8
\openout8 = `main_thesis.toc'.

 [10] (./main_thesis.lof [11

])
\tf@lof=\write9
\openout9 = `main_thesis.lof'.

 [12]
\openout2 = `1ievads.aux'.

 (./1ievads.tex
nodaƒºa 1.
File: ./graph/mobuser1.eps Graphic file (type eps)
<./graph/mobuser1.eps>
Package acronym Info: Label `acro:QoS' newly defined as it shall be overridden
although it is yet undefined on input line 12.
 [13



]
LaTeX Font Info:    Calculating math sizes for size <12.045> on input line 16.
LaTeX Font Info:    Font shape `OML/cmm/m/it' in size <8.43146> not available
(Font)              size <8> substituted on input line 16.
LaTeX Font Info:    Font shape `OMS/cmsy/m/n' in size <8.43146> not available
(Font)              size <8> substituted on input line 16.
LaTeX Font Info:    Font shape `OT1/cmr/m/n' in size <8.43146> not available
(Font)              size <8> substituted on input line 16.
Package acronym Info: Label `acro:NS-2' newly defined as it shall be overridden

although it is yet undefined on input line 18.

Overfull \hbox (5.26541pt too wide) in paragraph at lines 22--23
[]\EU1/lmr/m/n/12 Balstoties uz eksperimentƒÅli ieg≈´tajiem rezultƒÅtiem (NS-2 
simulƒÅcijas) izvƒìrtƒìt analƒ´tis-
 []

[14] [15] [16]
Package acronym Info: Label `acro:RWMM' newly defined as it shall be overridden

although it is yet undefined on input line 62.
Package acronym Info: Label `acro:RDMM' newly defined as it shall be overridden

although it is yet undefined on input line 62.
Package acronym Info: Label `acro:OMM' newly defined as it shall be overridden
although it is yet undefined on input line 62.
Package acronym Info: Label `acro:AODV' newly defined as it shall be overridden

although it is yet undefined on input line 62.
Package acronym Info: Label `acro:DSR' newly defined as it shall be overridden
although it is yet undefined on input line 62.
Package acronym Info: Label `acro:OLSR' newly defined as it shall be overridden

although it is yet undefined on input line 62.
)
Overfull \hbox (14.0867pt too wide) in paragraph at lines 62--219
\EU1/lmr/m/n/12 garuma izmai≈Üa mobilitƒÅtes ietekmƒì. NodaƒºƒÅ []5[].[] ir sni
egts neliels ekspromta tƒ´klu mar≈°rutƒì≈°anas
 []

[17]
\openout2 = `2bezTikli.aux'.

 (./2bezTikli.tex
nodaƒºa 2.
Package acronym Info: Label `acro:WSN' newly defined as it shall be overridden
although it is yet undefined on input line 4.

Overfull \hbox (10.63342pt too wide) in paragraph at lines 6--7
[]\EU1/lmr/m/n/12 Integrƒìts heterogƒìnu bezvadu tƒ´kls ([]IHWN[][][]) apvieno 
vienotƒÅ tƒ´klƒÅ: satelƒ´ttƒ´klu, GSM/3G,
 []

File: ./graph/wsn.png Graphic file (type QTm)
<use  "./graph/wsn.png" >
File: ./graph/adhoc.eps Graphic file (type eps)
 <./graph/adhoc.eps>
Overfull \hbox (1.2922pt too wide) in paragraph at lines 16--17
 [][] 
 []

[18



]
Overfull \hbox (4.64925pt too wide) in paragraph at lines 25--30
\EU1/lmr/bx/it/10.95 Resursu ierobe≈æojumi. \EU1/lmr/m/n/10.95 Abu tƒ´klu mezgl
iem ir ierobe≈æoti raidƒ´tƒÅja jaudas resursi. Parasti MANET
 []

[19]
Underfull \hbox (badness 10000) in paragraph at lines 40--45

 []

File: ./graph/wmn.png Graphic file (type QTm)
<use  "./graph/wmn.png" > [20]
LaTeX Font Info:    Try loading font information for OMS+lmr on input line 60.
 (/usr/share/texmf/tex/latex/lm/omslmr.fd
File: omslmr.fd 2009/10/30 v1.6 Font defs for Latin Modern
)
LaTeX Font Info:    Try loading font information for OMS+lmsy on input line 60.


(/usr/share/texmf/tex/latex/lm/omslmsy.fd
File: omslmsy.fd 2009/10/30 v1.6 Font defs for Latin Modern
)
LaTeX Font Info:    Font shape `OMS/lmr/m/n' in size <10.95> not available
(Font)              Font shape `OMS/lmsy/m/n' tried instead on input line 60.
 [21]
File: ./graph/wireless.png Graphic file (type QTm)
 <use  "./graph/wireless.png" >
Overfull \hbox (4.5374pt too wide) in paragraph at lines 98--99
[]\EU1/lmr/m/n/10.95 ≈†obrƒ´d vispla≈°ƒÅk pieejamais bezvadu datu pƒÅrraides in
terfeiss ir IEEE 802.11 ƒ£imenes tehnoloƒ£i-
 []

[22]
File: ./graph/zigBee.png Graphic file (type QTm)
 <use  "./graph/zigBee.png" >) [23] [24]
\openout2 = `3teor.aux'.

 (./3teor.tex
nodaƒºa 3.
File: ./graph/voronoi.eps Graphic file (type eps)
<./graph/voronoi.eps> [25



] [26]
File: ./graph/tier.png Graphic file (type QTm)
 <use  "./graph/tier.png" > [27] [28]
Overfull \hbox (19.06921pt too wide) in paragraph at lines 121--122
[]\EU1/lmr/m/n/10.95 Daudzposmu mar≈°ruta katrƒÅ savienojuma uztvƒìrƒìj-mezglƒÅ
 notiek datu reƒ£enerƒÅcija un pƒÅrs≈´tƒ´≈°ana
 []

[29] [30] [31] [32]
File: ./graph/rb_queue.png Graphic file (type QTm)
 <use  "./graph/rb_queue.png" >
Overfull \hbox (6.2993pt too wide) in paragraph at lines 222--229
[]\EU1/lmr/m/n/10.95 Rezervƒì≈°anas komutƒÅcijas ([]RBS[][][]) modelƒ´, pirms d
atu pƒÅrraides avots $\OML/cmm/m/it/10.95 A[]$\EU1/lmr/m/n/10.95 , daudzposmu m
ar≈°rutƒÅ,
 []

File: ./graph/rb.png Graphic file (type QTm)
<use  "./graph/rb.png" > [33]
File: ./graph/nrb.eps Graphic file (type eps)
 <./graph/nrb.eps>
Package acronym Info: Label `acro:NRBS' newly defined as it shall be overridden

although it is yet undefined on input line 258.
 [34]
File: ./graph/tandem.eps Graphic file (type eps)
 <./graph/tandem.eps>)
[35]
\openout2 = `4z_mobility.aux'.

 (./4z_mobility.tex
nodaƒºa 4.
File: ./graph/RWMM1.eps Graphic file (type eps)
<./graph/RWMM1.eps>
File: ./graph/RWMM2.eps Graphic file (type eps)
 <./graph/RWMM2.eps> [36



]
Overfull \hbox (1.37405pt too wide) in paragraph at lines 32--33
[]\EU1/lmr/m/n/10.95 SƒÅkuma mezglu izvietojums un ƒÅtrums nosaka vƒìlƒÅko mezg
lu izvietojumu simulƒÅcijas laukumƒÅ.
 []

[37]
File: ./graph/dp.eps Graphic file (type eps)
 <./graph/dp.eps> [38]
Overfull \hbox (1.91061pt too wide) in paragraph at lines 67--68
[]\EU1/lmr/m/n/10.95 VienkƒÅr≈°ƒ´bai, tiek uzskatƒ´ts, ka katra mezgla kustƒ´ba
s veids ir neatkarƒ´gs no pƒÅrƒìjiem mezgliem.
 []

File: ./graph/dpRBS.png Graphic file (type QTm)
<use  "./graph/dpRBS.png" > [39]
Overfull \hbox (10.93265pt too wide) in paragraph at lines 100--101
[]$\EU1/lmr/m/n/10.95 , kas ir atkarƒ´gs no $\OT1/cmr/m/n/10.95 (\OML/cmm/m/it/
10.95 v[]; ^^R[]\OT1/cmr/m/n/10.95 )$ \EU1/lmr/m/n/10.95 un $\OT1/cmr/m/n/10.95
 (\OML/cmm/m/it/10.95 v[]; ^^R[]\OT1/cmr/m/n/10.95 )$\EU1/lmr/m/n/10.95 . Un vi
dƒìjais mar≈°ruta posmu skaits ir $\OT1/cmr/m/n/10.95 [[]\OML/cmm/m/it/10.95 ; 
[]  ; []\OT1/cmr/m/n/10.95 ]$\EU1/lmr/m/n/10.95 ,
 []

[40]
File: ./graph/OMM1.eps Graphic file (type eps)
 <./graph/OMM1.eps>
File: ./graph/OMM2.eps Graphic file (type eps)
 <./graph/OMM2.eps>
Underfull \hbox (badness 4927) in paragraph at lines 139--139
[]\EU1/lmr/m/n/12 4.6. att. |OMM ar iepriek≈° noteiktiem
 []

) [41] [42]
\openout2 = `5z_prot.aux'.

 (./5z_prot.tex
nodaƒºa 5.
File: ./graph/protocol.eps Graphic file (type eps)
<./graph/protocol.eps>
File: ./graph/dis_link.eps Graphic file (type eps)
 <./graph/dis_link.eps> [43



]
Overfull \hbox (1.13316pt too wide) in paragraph at lines 30--31
[]\EU1/lmr/m/n/10.95 Tƒ´kla topoloƒ£ijas var izdalƒ´t ‚Äì ar vienotu mar≈°rutƒì
≈°anu (flat routing), hierarhisku mar≈°rutƒì≈°anu
 []

[44]
File: ./graph/dsr1.eps Graphic file (type eps)
 <./graph/dsr1.eps>
Package acronym Info: Label `acro:RREP' newly defined as it shall be overridden

although it is yet undefined on input line 45.
 [45] [46]
File: ./graph/aodv.eps Graphic file (type eps)
 <./graph/aodv.eps> [47]
File: ./graph/olsr.eps Graphic file (type eps)
 <./graph/olsr.eps>
[48] [49]
LaTeX Font Info:    Try loading font information for EU1+lmtt on input line 106
.
 (/usr/share/texmf-texlive/tex/xelatex/euenc/eu1lmtt.fd
File: eu1lmtt.fd 2007/01/14 v1.3 Font defs for Latin Modern
)
Overfull \hbox (2.73828pt too wide) in paragraph at lines 117--118
\EU1/lmr/m/n/10.95 bƒÅzƒìtu un BER-SP darbƒ´ba izmantojot gadƒ´juma lielumu $\O
ML/cmm/m/it/10.95 BER[]$ \EU1/lmr/m/n/10.95 un $\OML/cmm/m/it/10.95 n[]$\EU1/lm
r/m/n/10.95 . Lƒ´dz vienam galamƒìrƒ∑im
 []

File: ./graph/BERSP_BER.png Graphic file (type QTm)
<use  "./graph/BERSP_BER.png" >
File: ./graph/BERSP_n.png Graphic file (type QTm)
 <use  "./graph/BERSP_n.png" > [50]
Overfull \hbox (7.60081pt too wide) in paragraph at lines 136--137
\OML/cmm/m/it/10.95 BER[]$ \EU1/lmr/m/n/10.95 BER-SP darbosies kƒÅ BER-bƒÅzƒìts
 algoritms un izvƒìlƒìsies mar≈°rutu ar viszemƒÅko $\OML/cmm/m/it/10.95 BER[]$\
EU1/lmr/m/n/10.95 .
 []

[51]) [52]
\openout2 = `6msc_sim.aux'.

 (./6msc_sim.tex
nodaƒºa 6.

Overfull \hbox (1.61322pt too wide) in paragraph at lines 41--43
\EU1/lmr/m/n/10.95 gai paketes sa≈Üem≈°anai. Lucent‚Äôs WaveLAN radiouztvƒìrƒìj
a jutƒ´gums ir -94 dBm, tƒÅtad $\OML/cmm/m/it/10.95 RXThresh[]$
 []

[53



]
File: ./graph/mezgli.png Graphic file (type QTm)
 <use  "./graph/mezgli.png" >
File: ./graph/vpck.png Graphic file (type QTm)
 <use  "./graph/vpck.png" >
File: ./graph/blivBER.png Graphic file (type QTm)

<use  "./graph/blivBER.png" > [54] [55]
Overfull \hbox (9.22517pt too wide) in paragraph at lines 94--96
[]\EU1/lmr/m/n/10.95 KƒÅ jau iepriek≈° tika minƒìts - lai izveidotu savienojumu
 ir nepiecie≈°ams uztvƒìrƒìj-mezgls raidƒ´≈°anas
 []

[56]
Package acronym Info: Label `acro:PDF' newly defined as it shall be overridden
although it is yet undefined on input line 127.
 [57] [58]
Missing character: There is no ƒ´ in font cmmi10!
Missing character: There is no ƒì in font cmmi10!
File: ./graph/vPDF.png Graphic file (type QTm)
 <use  "./graph/vPDF.png" >
Overfull \hbox (9.97552pt too wide) in paragraph at lines 162--163
 [][] 
 []

File: ./graph/vDelay.png Graphic file (type QTm)
<use  "./graph/vDelay.png" >
Overfull \hbox (9.97552pt too wide) in paragraph at lines 169--170
 [][] 
 []

[59]
File: ./graph/vThrough.png Graphic file (type QTm)
 <use  "./graph/vThrough.png" > [60]
Overfull \hbox (0.63235pt too wide) in paragraph at lines 189--190
[]\EU1/lmr/m/n/10.95 ≈Öemot vƒìrƒÅ mezglu izkliedes pakƒÅpi, vislabƒÅkos rezult
ƒÅtus uzrƒÅd AODV protokols pie $\OML/cmm/m/it/10.95 ^^Z[]$
 []

File: ./graph/pdf.png Graphic file (type QTm)
<use  "./graph/pdf.png" >
File: ./graph/avgD.png Graphic file (type QTm)
 <use  "./graph/avgD.png" >
Overfull \hbox (29.84737pt too wide) in paragraph at lines 204--206
 [][] 
 []

) [61]
\openout2 = `7msc_conclusion.aux'.

 (./7msc_conclusion.tex
nodaƒºa 7.

Overfull \hbox (0.46397pt too wide) in paragraph at lines 11--12
[]\EU1/lmr/m/n/10.95 AttƒìlƒÅ []6.3[].[] parƒÅdƒ´ta likumsakarƒ´ba starp BER lƒ
´meni daudzposmu mar≈°rutƒÅ un mezglu telpisko
 []

[62



]) [63]
No file main_thesis.gls.
(./main_thesis.bbl
Underfull \hbox (badness 1728) in paragraph at lines 33--36
[]\EU1/lmr/m/sc/10.95 T. Clausen and P. Jacquet\EU1/lmr/m/n/10.95 , \EU1/lmr/m/
it/10.95 Optimized Link State Routing Protocol (OLSR)\EU1/lmr/m/n/10.95 .
 []

[64




] [65]
LaTeX Font Info:    Try loading font information for OT1+lmr on input line 152.

 (/usr/share/texmf/tex/latex/lm/ot1lmr.fd
File: ot1lmr.fd 2009/10/30 v1.6 Font defs for Latin Modern
)
Underfull \hbox (badness 10000) in paragraph at lines 184--186
[]\EU1/lmr/m/sc/10.95 VINT, SAMAN, and CONSER\EU1/lmr/m/n/10.95 , \EU1/lmr/m/it
/10.95 Network Simulator - NS-2\EU1/lmr/m/n/10.95 .
 []

) [66]
Package hyperref Info: bookmark level for unknown lstlisting defaults to 0 on i
nput line 252.
 (./code/BER_routing.m
LaTeX Font Info:    Try loading font information for T1+pcr on input line 3.

(/usr/share/texmf-texlive/tex/latex/psnfss/t1pcr.fd
File: t1pcr.fd 2001/06/04 font definitions for T1/pcr.
)
LaTeX Font Info:    Try loading font information for OT1+lmtt on input line 20.


(/usr/share/texmf/tex/latex/lm/ot1lmtt.fd
File: ot1lmtt.fd 2009/10/30 v1.6 Font defs for Latin Modern
)
LaTeX Font Info:    Try loading font information for OMS+pcr on input line 38.

(/usr/share/texmf-texlive/tex/latex/psnfss/omspcr.fd
File: omspcr.fd 
)
LaTeX Font Info:    Font shape `OMS/pcr/m/sl' in size <10.95> not available
(Font)              Font shape `OMS/cmsy/m/n' tried instead on input line 38.
 [67


]
Overfull \hbox (0.6409pt too wide) in paragraph at lines 66--67
[][][][][][][][][][][][][][][][][][][][][][][][][][][][][][][][][][][][][][][][
][][][][][][][][][][][][][][][][][][][][][][][][][][][][][][][][][][][][][][][]
[][][][][][][][][][][][][][][][][][][][][][][] 
 []

[68]) [69] (./code/BER_Pt_density.m [70

]) [71]
(/usr/share/texmf-texlive/tex/latex/listings/lstlang1.sty
File: lstlang1.sty 2004/09/05 1.3 listings language file
)
(/usr/share/texmf-texlive/tex/latex/listings/lstlang2.sty
File: lstlang2.sty 2004/09/05 1.3 listings language file
)
(./code/ns2/stAODV.tcl [72

] [73] [74]) [75] (./main_thesis.aux
(./0titlepage.aux) (./0msc_anno_lv.aux) (./0msc_anno_eng.aux) (./acronyms.aux)
(./1ievads.aux) (./2bezTikli.aux) (./3teor.aux) (./4z_mobility.aux)
(./5z_prot.aux) (./6msc_sim.aux) (./7msc_conclusion.aux))
LaTeX Font Info:    Size substitutions with differences
(Font)              up to 0.43146pt have occurred.
 ) 
Here is how much of TeX's memory you used:
 15692 strings out of 495724
 237608 string characters out of 1189346
 436763 words of memory out of 3000000
 18323 multiletter control sequences out of 15000+50000
 18872 words of font info for 87 fonts, out of 3000000 for 9000
 28 hyphenation exceptions out of 8191
 60i,16n,94p,1900b,2573s stack positions out of 5000i,500n,10000p,200000b,50000s

Output written on main_thesis.pdf (76 pages).
